<?xml version="1.0" encoding="UTF-8"?>
<testsuite name="com.coveros.hello_world.EvenNumberGeneratorTest" tests="1" skipped="0" failures="0" errors="0" timestamp="2019-02-20T14:35:20" hostname="Roberts-MacBook-Pro-2.local" time="0.003">
  <properties/>
  <testcase name="testRandomEvenNumberGenerator" classname="com.coveros.hello_world.EvenNumberGeneratorTest" time="0.003"/>
  <system-out><![CDATA[]]></system-out>
  <system-err><![CDATA[]]></system-err>
</testsuite>
